C:\Program Files (x86)\Microsoft Visual Studio\2017\Community\Common7\IDE\VC\VCTargets\Microsoft.CppBuild.targets(391,5): warning MSB8028: The intermediate directory (Debug\) contains files shared from another project (Minesweeper_Project.vcxproj, MineSweepperProj.vcxproj).  This can lead to incorrect clean and rebuild behavior.
  Button.cpp
  ButtonText.cpp
  EditText.cpp
c:\users\admin\source\repos\codes\c++\minesweeper_project\minesweeper repo\minesweeperproject\minesweeperproject\edittext.cpp(15): error C2676: binary '==': 'SDL_Keysym' does not define this operator or a conversion to a type acceptable to the predefined operator
c:\users\admin\source\repos\codes\c++\minesweeper_project\minesweeper repo\minesweeperproject\minesweeperproject\edittext.cpp(15): error C2039: 'k': is not a member of 'std::basic_string<char,std::char_traits<char>,std::allocator<char>>'
  c:\program files (x86)\microsoft visual studio\2017\community\vc\tools\msvc\14.16.27023\include\xstring(4373): note: see declaration of 'std::basic_string<char,std::char_traits<char>,std::allocator<char>>'
  Game.cpp
c:\users\admin\source\repos\codes\c++\minesweeper_project\minesweeper repo\minesweeperproject\minesweeperproject\game.cpp(119): error C2084: function 'void Game::switchToGameSettings(void)' already has a body
  c:\users\admin\source\repos\codes\c++\minesweeper_project\minesweeper repo\minesweeperproject\minesweeperproject\game.h(36): note: see previous definition of 'switchToGameSettings'
c:\users\admin\source\repos\codes\c++\minesweeper_project\minesweeper repo\minesweeperproject\minesweeperproject\game.cpp(120): error C2061: syntax error: identifier 'SettingGame'
  main.cpp
  MainMenu.cpp
c:\users\admin\source\repos\codes\c++\minesweeper_project\minesweeper repo\minesweeperproject\minesweeperproject\mainmenu.cpp(7): error C2065: 'imgWidth': undeclared identifier
c:\users\admin\source\repos\codes\c++\minesweeper_project\minesweeper repo\minesweeperproject\minesweeperproject\mainmenu.cpp(7): error C2065: 'imgHeight': undeclared identifier
c:\users\admin\source\repos\codes\c++\minesweeper_project\minesweeper repo\minesweeperproject\minesweeperproject\mainmenu.cpp(7): error C2065: 'path': undeclared identifier
c:\users\admin\source\repos\codes\c++\minesweeper_project\minesweeper repo\minesweeperproject\minesweeperproject\mainmenu.cpp(8): error C2065: 'path': undeclared identifier
c:\users\admin\source\repos\codes\c++\minesweeper_project\minesweeper repo\minesweeperproject\minesweeperproject\mainmenu.cpp(12): error C2661: 'ButtonText::ButtonText': no overloaded function takes 9 arguments
c:\users\admin\source\repos\codes\c++\minesweeper_project\minesweeper repo\minesweeperproject\minesweeperproject\mainmenu.cpp(13): error C2143: syntax error: missing ';' before 'this'
c:\users\admin\source\repos\codes\c++\minesweeper_project\minesweeper repo\minesweeperproject\minesweeperproject\mainmenu.cpp(13): error C2039: 'setPath': is not a member of 'ButtonText'
  c:\users\admin\source\repos\codes\c++\minesweeper_project\minesweeper repo\minesweeperproject\minesweeperproject\buttontext.h(5): note: see declaration of 'ButtonText'
c:\users\admin\source\repos\codes\c++\minesweeper_project\minesweeper repo\minesweeperproject\minesweeperproject\mainmenu.cpp(16): error C2661: 'Button::Button': no overloaded function takes 4 arguments
c:\users\admin\source\repos\codes\c++\minesweeper_project\minesweeper repo\minesweeperproject\minesweeperproject\mainmenu.cpp(17): error C2039: 'setPath': is not a member of 'Button'
  c:\users\admin\source\repos\codes\c++\minesweeper_project\minesweeper repo\minesweeperproject\minesweeperproject\button.h(5): note: see declaration of 'Button'
c:\users\admin\source\repos\codes\c++\minesweeper_project\minesweeper repo\minesweeperproject\minesweeperproject\mainmenu.cpp(22): error C2039: 'mWallPaper': is not a member of 'MainMenu'
  c:\users\admin\source\repos\codes\c++\minesweeper_project\minesweeper repo\minesweeperproject\minesweeperproject\mainmenu.h(5): note: see declaration of 'MainMenu'
c:\users\admin\source\repos\codes\c++\minesweeper_project\minesweeper repo\minesweeperproject\minesweeperproject\mainmenu.cpp(31): error C2039: 'mWpp': is not a member of 'MainMenu'
  c:\users\admin\source\repos\codes\c++\minesweeper_project\minesweeper repo\minesweeperproject\minesweeperproject\mainmenu.h(5): note: see declaration of 'MainMenu'
c:\users\admin\source\repos\codes\c++\minesweeper_project\minesweeper repo\minesweeperproject\minesweeperproject\mainmenu.cpp(32): error C2112: '-': pointer subtraction requires integral or pointer operand
  Menu.cpp
  MineField.cpp
c:\users\admin\source\repos\codes\c++\minesweeper_project\minesweeper repo\minesweeperproject\minesweeperproject\minefield.cpp(14): warning C4018: '<': signed/unsigned mismatch
c:\users\admin\source\repos\codes\c++\minesweeper_project\minesweeper repo\minesweeperproject\minesweeperproject\minefield.cpp(110): warning C4018: '<': signed/unsigned mismatch
  Object.cpp
  Scene.cpp
  SettingGame.cpp
c:\users\admin\source\repos\codes\c++\minesweeper_project\minesweeper repo\minesweeperproject\minesweeperproject\settinggame.h(5): error C2059: syntax error: '{'
c:\users\admin\source\repos\codes\c++\minesweeper_project\minesweeper repo\minesweeperproject\minesweeperproject\settinggame.h(13): error C2143: syntax error: missing ';' before '*'
c:\users\admin\source\repos\codes\c++\minesweeper_project\minesweeper repo\minesweeperproject\minesweeperproject\settinggame.h(13): error C2238: unexpected token(s) preceding ';'
c:\users\admin\source\repos\codes\c++\minesweeper_project\minesweeper repo\minesweeperproject\minesweeperproject\settinggame.h(22): error C2059: syntax error: 'this'
c:\users\admin\source\repos\codes\c++\minesweeper_project\minesweeper repo\minesweeperproject\minesweeperproject\settinggame.h(23): error C2143: syntax error: missing ';' before '~'
  StateInGame.cpp
c:\users\admin\source\repos\codes\c++\minesweeper_project\minesweeper repo\minesweeperproject\minesweeperproject\stateingame.cpp(32): error C2039: 'updateBtnTxtPos': is not a member of 'Button'
  c:\users\admin\source\repos\codes\c++\minesweeper_project\minesweeper repo\minesweeperproject\minesweeperproject\button.h(5): note: see declaration of 'Button'
c:\users\admin\source\repos\codes\c++\minesweeper_project\minesweeper repo\minesweeperproject\minesweeperproject\stateingame.cpp(33): error C2039: 'updateBtnTxtPos': is not a member of 'Button'
  c:\users\admin\source\repos\codes\c++\minesweeper_project\minesweeper repo\minesweeperproject\minesweeperproject\button.h(5): note: see declaration of 'Button'
  Text.cpp
  WallPaper.cpp
  Generating Code...
